<?xml version="1.0" encoding="UTF-8"?>
<!-- Generated by org.testng.reporters.JUnitReportReporter -->
<testsuite skipped="0" hostname="DESKTOP-S13AG8S" name="frameworkbuild.RestApiTest" tests="2" failures="0" timestamp="2020-12-25T16:48:23 IST" time="0.001" errors="0">
  <testcase name="deleteTwitter" time="0.001" classname="frameworkbuild.RestApiTest"/>
  <system-out/>
  <testcase name="postjira" time="0.000" classname="frameworkbuild.RestApiTest"/>
  <system-out/>
</testsuite> <!-- frameworkbuild.RestApiTest -->
