<?xml version="1.0" encoding="UTF-8"?>
<!-- Generated by org.testng.reporters.JUnitReportReporter -->
<testsuite skipped="0" hostname="DESKTOP-S13AG8S" name="frameworkbuild.AppiumTest" tests="2" failures="0" timestamp="2020-12-25T16:48:23 IST" time="0.010" errors="0">
  <testcase name="NativeAppAndroid" time="0.001" classname="frameworkbuild.AppiumTest"/>
  <system-out/>
  <testcase name="IOSApps" time="0.009" classname="frameworkbuild.AppiumTest"/>
  <system-out/>
</testsuite> <!-- frameworkbuild.AppiumTest -->
